<?xml version="1.0" encoding="UTF-8"?>
<!-- Generated by org.testng.reporters.JUnitXMLReporter -->
<testsuite ignored="0" hostname="SathishChowdary" failures="1" tests="1" name="Default test" time="0.841" errors="0" timestamp="2023-12-18T13:30:46 IST">
  <testcase classname="io.cucumber.testng.AbstractTestNGCucumberTests" name="runScenario" time="0.15">
    <failure type="java.lang.NullPointerException" message="Cannot invoke &amp;quot;com.aventstack.extentreports.ExtentReports.createTest(String)&amp;quot; because &amp;quot;com.caw.stepdef.Hooks.report&amp;quot; is null">
      <![CDATA[java.lang.NullPointerException: Cannot invoke "com.aventstack.extentreports.ExtentReports.createTest(String)" because "com.caw.stepdef.Hooks.report" is null
at com.caw.stepdef.Hooks.user_is_successfully_naviaged_to(Hooks.java:26)
at âœ½.user is successfully naviaged to "https://www.amazon.in/"(file:///C:/Users/Sathish%20Chowdary/Desktop/test/New%20folder/AmazonwithCucumber/src/test/resources/features/%20Searchfunctionality.feature:3)
]]>
    </failure>
  </testcase> <!-- runScenario -->
</testsuite> <!-- Default test -->
