<?xml version="1.0" encoding="UTF-8"?>
<!-- Generated by org.testng.reporters.JUnitReportReporter -->
<testsuite hostname="SathishChowdary" failures="0" tests="1" name="com.caw.runner.TestNGRunner" time="0.150" errors="1" timestamp="2023-12-18T13:30:46 IST" skipped="0">
  <testcase classname="com.caw.runner.TestNGRunner" name="runScenario" time="0.150">
    <error message="Cannot invoke &quot;com.aventstack.extentreports.ExtentReports.createTest(String)&quot; because &quot;com.caw.stepdef.Hooks.report&quot; is null" type="java.lang.NullPointerException">
      <![CDATA[java.lang.NullPointerException: Cannot invoke "com.aventstack.extentreports.ExtentReports.createTest(String)" because "com.caw.stepdef.Hooks.report" is null
at com.caw.stepdef.Hooks.user_is_successfully_naviaged_to(Hooks.java:26)
at âœ½.user is successfully naviaged to "https://www.amazon.in/"(file:///C:/Users/Sathish%20Chowdary/Desktop/test/New%20folder/AmazonwithCucumber/src/test/resources/features/%20Searchfunctionality.feature:3)
]]>
    </error>
  </testcase> <!-- runScenario -->
  <system-out/>
</testsuite> <!-- com.caw.runner.TestNGRunner -->
